<?xml version="1.0" encoding="UTF-8"?>
<!-- Generated by org.testng.reporters.JUnitReportReporter -->
<testsuite hostname="LAPTOP-18R30RO2" name="testNGp.Demo" tests="3" failures="0" timestamp="12 Dec 2023 05:04:49 GMT" time="0.020" errors="0">
  <testcase name="testCase3" time="0.009" classname="testNGp.Demo"/>
  <testcase name="testCase2" time="0.001" classname="testNGp.Demo"/>
  <testcase name="testCase1" time="0.010" classname="testNGp.Demo"/>
</testsuite> <!-- testNGp.Demo -->
