<?xml version="1.0" encoding="UTF-8"?>
<!-- Generated by org.testng.reporters.JUnitReportReporter -->
<testsuite hostname="LAPTOP-18R30RO2" name="testNGp.LoginFE" tests="4" failures="0" timestamp="19 Dec 2023 05:53:28 GMT" time="30.274" errors="0">
  <testcase name="loginTestCaseInvalid2" time="6.987" classname="testNGp.LoginFE"/>
  <testcase name="loginTestCaseInvalid3" time="7.023" classname="testNGp.LoginFE"/>
  <testcase name="loginTestCaseValid" time="8.359" classname="testNGp.LoginFE"/>
  <testcase name="loginTestCaseInvalid1" time="7.905" classname="testNGp.LoginFE"/>
</testsuite> <!-- testNGp.LoginFE -->
