<?xml version="1.0" encoding="UTF-8"?>
<!-- Generated by org.testng.reporters.JUnitReportReporter -->
<testsuite hostname="LAPTOP-18R30RO2" name="testNGp.GuruLoginWithDataProvider" tests="4" failures="0" timestamp="19 Dec 2023 07:23:39 GMT" time="32.754" errors="0">
  <testcase name="login" time="8.880" classname="testNGp.GuruLoginWithDataProvider"/>
  <testcase name="login" time="7.953" classname="testNGp.GuruLoginWithDataProvider"/>
  <testcase name="login" time="7.758" classname="testNGp.GuruLoginWithDataProvider"/>
  <testcase name="login" time="8.163" classname="testNGp.GuruLoginWithDataProvider"/>
</testsuite> <!-- testNGp.GuruLoginWithDataProvider -->
