<?xml version="1.0" encoding="UTF-8"?>
<!-- Generated by org.testng.reporters.JUnitReportReporter -->
<testsuite hostname="LAPTOP-18R30RO2" name="testNGp.NewTest" tests="4" failures="0" timestamp="18 Dec 2023 05:37:54 GMT" time="24.546" errors="0">
  <testcase name="loginTestCaseInvalid3" time="5.603" classname="testNGp.NewTest"/>
  <testcase name="loginTestCaseInvalid3" time="7.105" classname="testNGp.NewTest"/>
  <testcase name="loginTestCaseInvalid3" time="5.322" classname="testNGp.NewTest"/>
  <testcase name="loginTestCaseInvalid3" time="6.516" classname="testNGp.NewTest"/>
</testsuite> <!-- testNGp.NewTest -->
